# JRE version: OpenJDK Runtime Environment (8.0_242-b01) (build 1.8.0_242-release-1644-b01)
# Java VM: OpenJDK 64-Bit Server VM (25.242-b01 mixed mode windows-amd64 compressed oops)
Heap:
 PSYoungGen      total 285184K, used 206829K [0x00000000d5580000, 0x00000000efc00000, 0x0000000100000000)
  eden space 259584K, 69% used [0x00000000d5580000,0x00000000e069f1f8,0x00000000e5300000)
  from space 25600K, 99% used [0x00000000ee300000,0x00000000efbdc540,0x00000000efc00000)
  to   space 20992K, 0% used [0x00000000e5300000,0x00000000e5300000,0x00000000e6780000)
 ParOldGen       total 88576K, used 51313K [0x0000000080000000, 0x0000000085680000, 0x00000000d5580000)
  object space 88576K, 57% used [0x0000000080000000,0x000000008321c648,0x0000000085680000)
 Metaspace       used 78953K, capacity 83116K, committed 83224K, reserved 1120256K
  class space    used 10929K, capacity 11722K, committed 11824K, reserved 1048576K
GC Heap History (10 events):
Event: 16.436 GC heap before
{Heap before GC invocations=13 (full 2):
 PSYoungGen      total 194560K, used 194066K [0x00000000d5580000, 0x00000000e2b80000, 0x0000000100000000)
  eden space 184320K, 100% used [0x00000000d5580000,0x00000000e0980000,0x00000000e0980000)
  from space 10240K, 95% used [0x00000000e2180000,0x00000000e2b04a18,0x00000000e2b80000)
  to   space 13312K, 0% used [0x00000000e1180000,0x00000000e1180000,0x00000000e1e80000)
 ParOldGen       total 64512K, used 17479K [0x0000000080000000, 0x0000000083f00000, 0x00000000d5580000)
  object space 64512K, 27% used [0x0000000080000000,0x0000000081111f28,0x0000000083f00000)
 Metaspace       used 56701K, capacity 58958K, committed 59160K, reserved 1099776K
  class space    used 7756K, capacity 8228K, committed 8240K, reserved 1048576K
Event: 16.483 GC heap after
Heap after GC invocations=13 (full 2):
 PSYoungGen      total 205824K, used 13310K [0x00000000d5580000, 0x00000000e7b80000, 0x0000000100000000)
  eden space 192512K, 0% used [0x00000000d5580000,0x00000000d5580000,0x00000000e1180000)
  from space 13312K, 99% used [0x00000000e1180000,0x00000000e1e7fb58,0x00000000e1e80000)
  to   space 20480K, 0% used [0x00000000e6780000,0x00000000e6780000,0x00000000e7b80000)
 ParOldGen       total 64512K, used 32470K [0x0000000080000000, 0x0000000083f00000, 0x00000000d5580000)
  object space 64512K, 50% used [0x0000000080000000,0x0000000081fb5940,0x0000000083f00000)
 Metaspace       used 56701K, capacity 58958K, committed 59160K, reserved 1099776K
  class space    used 7756K, capacity 8228K, committed 8240K, reserved 1048576K
}
Event: 16.515 GC heap before
{Heap before GC invocations=14 (full 2):
 PSYoungGen      total 205824K, used 16758K [0x00000000d5580000, 0x00000000e7b80000, 0x0000000100000000)
  eden space 192512K, 1% used [0x00000000d5580000,0x00000000d58dddd8,0x00000000e1180000)
  from space 13312K, 99% used [0x00000000e1180000,0x00000000e1e7fb58,0x00000000e1e80000)
  to   space 20480K, 0% used [0x00000000e6780000,0x00000000e6780000,0x00000000e7b80000)
 ParOldGen       total 64512K, used 32470K [0x0000000080000000, 0x0000000083f00000, 0x00000000d5580000)
  object space 64512K, 50% used [0x0000000080000000,0x0000000081fb5940,0x0000000083f00000)
 Metaspace       used 56806K, capacity 59086K, committed 59160K, reserved 1099776K
  class space    used 7769K, capacity 8228K, committed 8240K, reserved 1048576K
Event: 16.533 GC heap after
Heap after GC invocations=14 (full 2):
 PSYoungGen      total 280064K, used 256K [0x00000000d5580000, 0x00000000e9a00000, 0x0000000100000000)
  eden space 259584K, 0% used [0x00000000d5580000,0x00000000d5580000,0x00000000e5300000)
  from space 20480K, 1% used [0x00000000e6780000,0x00000000e67c0000,0x00000000e7b80000)
  to   space 20992K, 0% used [0x00000000e5300000,0x00000000e5300000,0x00000000e6780000)
 ParOldGen       total 64512K, used 43926K [0x0000000080000000, 0x0000000083f00000, 0x00000000d5580000)
  object space 64512K, 68% used [0x0000000080000000,0x0000000082ae5a80,0x0000000083f00000)
 Metaspace       used 56806K, capacity 59086K, committed 59160K, reserved 1099776K
  class space    used 7769K, capacity 8228K, committed 8240K, reserved 1048576K
}
Event: 16.533 GC heap before
{Heap before GC invocations=15 (full 3):
 PSYoungGen      total 280064K, used 256K [0x00000000d5580000, 0x00000000e9a00000, 0x0000000100000000)
  eden space 259584K, 0% used [0x00000000d5580000,0x00000000d5580000,0x00000000e5300000)
  from space 20480K, 1% used [0x00000000e6780000,0x00000000e67c0000,0x00000000e7b80000)
  to   space 20992K, 0% used [0x00000000e5300000,0x00000000e5300000,0x00000000e6780000)
 ParOldGen       total 64512K, used 43926K [0x0000000080000000, 0x0000000083f00000, 0x00000000d5580000)
  object space 64512K, 68% used [0x0000000080000000,0x0000000082ae5a80,0x0000000083f00000)
 Metaspace       used 56806K, capacity 59086K, committed 59160K, reserved 1099776K
  class space    used 7769K, capacity 8228K, committed 8240K, reserved 1048576K
Event: 16.925 GC heap after
Heap after GC invocations=15 (full 3):
 PSYoungGen      total 280064K, used 0K [0x00000000d5580000, 0x00000000e9a00000, 0x0000000100000000)
  eden space 259584K, 0% used [0x00000000d5580000,0x00000000d5580000,0x00000000e5300000)
  from space 20480K, 0% used [0x00000000e6780000,0x00000000e6780000,0x00000000e7b80000)
  to   space 20992K, 0% used [0x00000000e5300000,0x00000000e5300000,0x00000000e6780000)
 ParOldGen       total 88576K, used 29012K [0x0000000080000000, 0x0000000085680000, 0x00000000d5580000)
  object space 88576K, 32% used [0x0000000080000000,0x0000000081c553b8,0x0000000085680000)
 Metaspace       used 56804K, capacity 59080K, committed 59160K, reserved 1099776K
  class space    used 7768K, capacity 8227K, committed 8240K, reserved 1048576K
}
Event: 24.484 GC heap before
{Heap before GC invocations=16 (full 3):
 PSYoungGen      total 280064K, used 259584K [0x00000000d5580000, 0x00000000e9a00000, 0x0000000100000000)
  eden space 259584K, 100% used [0x00000000d5580000,0x00000000e5300000,0x00000000e5300000)
  from space 20480K, 0% used [0x00000000e6780000,0x00000000e6780000,0x00000000e7b80000)
  to   space 20992K, 0% used [0x00000000e5300000,0x00000000e5300000,0x00000000e6780000)
 ParOldGen       total 88576K, used 29012K [0x0000000080000000, 0x0000000085680000, 0x00000000d5580000)
  object space 88576K, 32% used [0x0000000080000000,0x0000000081c553b8,0x0000000085680000)
 Metaspace       used 68611K, capacity 71888K, committed 72088K, reserved 1112064K
  class space    used 9428K, capacity 10097K, committed 10160K, reserved 1048576K
Event: 24.577 GC heap after
Heap after GC invocations=16 (full 3):
 PSYoungGen      total 280576K, used 20989K [0x00000000d5580000, 0x00000000efc00000, 0x0000000100000000)
  eden space 259584K, 0% used [0x00000000d5580000,0x00000000d5580000,0x00000000e5300000)
  from space 20992K, 99% used [0x00000000e5300000,0x00000000e677f680,0x00000000e6780000)
  to   space 25600K, 0% used [0x00000000ee300000,0x00000000ee300000,0x00000000efc00000)
 ParOldGen       total 88576K, used 32831K [0x0000000080000000, 0x0000000085680000, 0x00000000d5580000)
  object space 88576K, 37% used [0x0000000080000000,0x000000008200fcd8,0x0000000085680000)
 Metaspace       used 68611K, capacity 71888K, committed 72088K, reserved 1112064K
  class space    used 9428K, capacity 10097K, committed 10160K, reserved 1048576K
}
Event: 29.854 GC heap before
{Heap before GC invocations=17 (full 3):
 PSYoungGen      total 280576K, used 280573K [0x00000000d5580000, 0x00000000efc00000, 0x0000000100000000)
  eden space 259584K, 100% used [0x00000000d5580000,0x00000000e5300000,0x00000000e5300000)
  from space 20992K, 99% used [0x00000000e5300000,0x00000000e677f680,0x00000000e6780000)
  to   space 25600K, 0% used [0x00000000ee300000,0x00000000ee300000,0x00000000efc00000)
 ParOldGen       total 88576K, used 32831K [0x0000000080000000, 0x0000000085680000, 0x00000000d5580000)
  object space 88576K, 37% used [0x0000000080000000,0x000000008200fcd8,0x0000000085680000)
 Metaspace       used 71011K, capacity 74406K, committed 74648K, reserved 1114112K
  class space    used 9668K, capacity 10333K, committed 10416K, reserved 1048576K
Event: 30.153 GC heap after
Heap after GC invocations=17 (full 3):
 PSYoungGen      total 285184K, used 25457K [0x00000000d5580000, 0x00000000efc00000, 0x0000000100000000)
  eden space 259584K, 0% used [0x00000000d5580000,0x00000000d5580000,0x00000000e5300000)
  from space 25600K, 99% used [0x00000000ee300000,0x00000000efbdc540,0x00000000efc00000)
  to   space 20992K, 0% used [0x00000000e5300000,0x00000000e5300000,0x00000000e6780000)
 ParOldGen       total 88576K, used 51313K [0x0000000080000000, 0x0000000085680000, 0x00000000d5580000)
  object space 88576K, 57% used [0x0000000080000000,0x000000008321c648,0x0000000085680000)
 Metaspace       used 71011K, capacity 74406K, committed 74648K, reserved 1114112K
  class space    used 9668K, capacity 10333K, committed 10416K, reserved 1048576K
}

